<?xml version="1.0" encoding="UTF-8"?>
<testng-results ignored="0" total="1" passed="1" failed="0" skipped="0">
  <reporter-output>
  </reporter-output>
  <suite started-at="2021-06-17T21:49:52 IST" name="Default suite" finished-at="2021-06-17T21:49:59 IST" duration-ms="6976">
    <groups>
    </groups>
    <test started-at="2021-06-17T21:49:52 IST" name="Default test" finished-at="2021-06-17T21:49:59 IST" duration-ms="6976">
      <class name="TestNG.LoginGmail">
        <test-method signature="loginmail()[pri:0, instance:TestNG.LoginGmail@49dc7102]" started-at="2021-06-17T21:49:52 IST" name="loginmail" finished-at="2021-06-17T21:49:59 IST" duration-ms="6870" status="PASS">
          <reporter-output>
          </reporter-output>
        </test-method> <!-- loginmail -->
      </class> <!-- TestNG.LoginGmail -->
    </test> <!-- Default test -->
  </suite> <!-- Default suite -->
</testng-results>
